Using pre-set license
Built from '2020.3/staging' branch; Version is '2020.3.5f1 (8095aa901b9b) revision 8426922'; Using compiler version '192528614'; Build Type 'Release'
OS: 'Windows 10 Pro; OS build 19042.985; Version 2009; 64bit' Language: 'pt' Physical Memory: 16196 MB
BatchMode: 1, IsHumanControllingUs: 0, StartBugReporterOnCrash: 0, Is64bit: 1, IsPro: 0

 COMMAND LINE ARGUMENTS:
C:\Program Files\Unity\Hub\Editor\2020.3.5f1\Editor\Unity.exe
-adb2
-batchMode
-noUpm
-name
AssetImportWorker0
-projectPath
C:/Users/santiago.firpo/Unit-Man
-logFile
Logs/AssetImportWorker0.log
-srvPort
64433
Successfully changed project path to: C:/Users/santiago.firpo/Unit-Man
C:/Users/santiago.firpo/Unit-Man
Using Asset Import Pipeline V2.
Refreshing native plugins compatible for Editor in 40.36 ms, found 1 plugins.
Preloading 0 native plugins for Editor in 0.00 ms.
Initialize engine version: 2020.3.5f1 (8095aa901b9b)
[Subsystems] Discovering subsystems at path C:/Program Files/Unity/Hub/Editor/2020.3.5f1/Editor/Data/Resources/UnitySubsystems
[Subsystems] Discovering subsystems at path C:/Users/santiago.firpo/Unit-Man/Assets
GfxDevice: creating device client; threaded=0
Direct3D:
    Version:  Direct3D 11.0 [level 11.1]
    Renderer: NVIDIA GeForce GTX 1660 Ti (ID=0x2191)
    Vendor:   
    VRAM:     5991 MB
    Driver:   27.21.14.5771
Initialize mono
Mono path[0] = 'C:/Program Files/Unity/Hub/Editor/2020.3.5f1/Editor/Data/Managed'
Mono path[1] = 'C:/Program Files/Unity/Hub/Editor/2020.3.5f1/Editor/Data/MonoBleedingEdge/lib/mono/unityjit'
Mono config path = 'C:/Program Files/Unity/Hub/Editor/2020.3.5f1/Editor/Data/MonoBleedingEdge/etc'
Using monoOptions --debugger-agent=transport=dt_socket,embedding=1,server=y,suspend=n,address=127.0.0.1:56800
Begin MonoManager ReloadAssembly
Registering precompiled unity dll's ...
Register platform support module: C:/Program Files/Unity/Hub/Editor/2020.3.5f1/Editor/Data/PlaybackEngines/WebGLSupport/UnityEditor.WebGL.Extensions.dll
Register platform support module: C:/Program Files/Unity/Hub/Editor/2020.3.5f1/Editor/Data/PlaybackEngines/MacStandaloneSupport/UnityEditor.OSXStandalone.Extensions.dll
Register platform support module: C:/Program Files/Unity/Hub/Editor/2020.3.5f1/Editor/Data/PlaybackEngines/WindowsStandaloneSupport/UnityEditor.WindowsStandalone.Extensions.dll
Registered in 0.002984 seconds.
Native extension for WindowsStandalone target not found
Native extension for OSXStandalone target not found
Native extension for WebGL target not found
Refreshing native plugins compatible for Editor in 38.73 ms, found 1 plugins.
Preloading 0 native plugins for Editor in 0.00 ms.
Mono: successfully reloaded assembly
- Completed reload, in  1.915 seconds
Platform modules already initialized, skipping
Registering precompiled user dll's ...
Registered in 0.000911 seconds.
Begin MonoManager ReloadAssembly
Native extension for WindowsStandalone target not found
Native extension for OSXStandalone target not found
Native extension for WebGL target not found
Refreshing native plugins compatible for Editor in 37.72 ms, found 1 plugins.
Preloading 0 native plugins for Editor in 0.00 ms.
Mono: successfully reloaded assembly
- Completed reload, in  0.931 seconds
Platform modules already initialized, skipping
========================================================================
Worker process is ready to serve import requests
Launched and connected shader compiler UnityShaderCompiler.exe after 0.05 seconds
Refreshing native plugins compatible for Editor in 0.36 ms, found 1 plugins.
Preloading 0 native plugins for Editor in 0.00 ms.
Unloading 2106 Unused Serialized files (Serialized files now loaded: 0)
System memory in use before: 95.6 MB.
System memory in use after: 95.6 MB.

Unloading 26 unused Assets to reduce memory usage. Loaded Objects now: 2550.
Total: 2.476400 ms (FindLiveObjects: 0.250900 ms CreateObjectMapping: 0.269300 ms MarkObjects: 1.830300 ms  DeleteObjects: 0.124800 ms)

========================================================================
Received Import Request.
  path: Assets/Teflon.physicMaterial
  artifactKey: Guid(ade8180af8da78c4d93af100f7fff27c) Importer(815301076,1909f56bfc062723c751e8b465ee728b)
Start importing Assets/Teflon.physicMaterial using Guid(ade8180af8da78c4d93af100f7fff27c) Importer(815301076,1909f56bfc062723c751e8b465ee728b)  -> (artifact id: 'a1ee6adfe5761958d08a9f9c003cde16') in 0.027275 seconds
  Import took 0.030334 seconds .

========================================================================
Received Import Request.
  Time since last request: 1.207165 seconds.
  path: Assets/Actor.cs
  artifactKey: Guid(8bc0dc425bce04146b3e6721055822c9) Importer(815301076,1909f56bfc062723c751e8b465ee728b)
Start importing Assets/Actor.cs using Guid(8bc0dc425bce04146b3e6721055822c9) Importer(815301076,1909f56bfc062723c751e8b465ee728b)  -> (artifact id: 'f730aa38e474d9f0c8f9e5e7e09f8468') in 0.005206 seconds
  Import took 0.008353 seconds .

========================================================================
Received Import Request.
  Time since last request: 60.154453 seconds.
  path: Assets/Gameplay.inputactions
  artifactKey: Guid(fd104d838b0867c4d964e6b1ddec34d4) Importer(815301076,1909f56bfc062723c751e8b465ee728b)
Start importing Assets/Gameplay.inputactions using Guid(fd104d838b0867c4d964e6b1ddec34d4) Importer(815301076,1909f56bfc062723c751e8b465ee728b)  -> (artifact id: 'c6ad8409030beca44be4fd854429d4ac') in 0.018781 seconds
  Import took 0.022643 seconds .

========================================================================
Received Import Request.
  Time since last request: 9.628948 seconds.
  path: Assets/Gameplay.inputactions
  artifactKey: Guid(fd104d838b0867c4d964e6b1ddec34d4) Importer(815301076,1909f56bfc062723c751e8b465ee728b)
Start importing Assets/Gameplay.inputactions using Guid(fd104d838b0867c4d964e6b1ddec34d4) Importer(815301076,1909f56bfc062723c751e8b465ee728b)  -> (artifact id: '1c9693aedeb61adc0dcbc85af2f8bc56') in 0.006486 seconds
  Import took 0.010156 seconds .

========================================================================
Received Import Request.
  Time since last request: 1.743097 seconds.
  path: Assets/Gameplay.inputactions
  artifactKey: Guid(fd104d838b0867c4d964e6b1ddec34d4) Importer(815301076,1909f56bfc062723c751e8b465ee728b)
Start importing Assets/Gameplay.inputactions using Guid(fd104d838b0867c4d964e6b1ddec34d4) Importer(815301076,1909f56bfc062723c751e8b465ee728b)  -> (artifact id: '4f35bb1f1d409fc6c92e9e8d47ddb1b6') in 0.004976 seconds
  Import took 0.008058 seconds .

========================================================================
Received Prepare
Registering precompiled user dll's ...
Registered in 0.001006 seconds.
Begin MonoManager ReloadAssembly
Native extension for WindowsStandalone target not found
Native extension for OSXStandalone target not found
Native extension for WebGL target not found
Refreshing native plugins compatible for Editor in 0.35 ms, found 1 plugins.
Preloading 0 native plugins for Editor in 0.00 ms.
Mono: successfully reloaded assembly
- Completed reload, in  0.860 seconds
Platform modules already initialized, skipping
Refreshing native plugins compatible for Editor in 0.34 ms, found 1 plugins.
Preloading 0 native plugins for Editor in 0.00 ms.
Unloading 2102 Unused Serialized files (Serialized files now loaded: 0)
System memory in use before: 95.8 MB.
System memory in use after: 95.8 MB.

Unloading 12 unused Assets to reduce memory usage. Loaded Objects now: 2555.
Total: 5.014300 ms (FindLiveObjects: 0.473700 ms CreateObjectMapping: 0.344700 ms MarkObjects: 4.079700 ms  DeleteObjects: 0.113300 ms)

========================================================================
Received Prepare
Registering precompiled user dll's ...
Registered in 0.000996 seconds.
Begin MonoManager ReloadAssembly
Native extension for WindowsStandalone target not found
Native extension for OSXStandalone target not found
Native extension for WebGL target not found
Refreshing native plugins compatible for Editor in 0.36 ms, found 1 plugins.
Preloading 0 native plugins for Editor in 0.00 ms.
Mono: successfully reloaded assembly
- Completed reload, in  0.902 seconds
Platform modules already initialized, skipping
Refreshing native plugins compatible for Editor in 0.34 ms, found 1 plugins.
Preloading 0 native plugins for Editor in 0.00 ms.
Unloading 2102 Unused Serialized files (Serialized files now loaded: 0)
System memory in use before: 95.8 MB.
System memory in use after: 95.8 MB.

Unloading 12 unused Assets to reduce memory usage. Loaded Objects now: 2559.
Total: 2.307400 ms (FindLiveObjects: 0.242800 ms CreateObjectMapping: 0.088600 ms MarkObjects: 1.877200 ms  DeleteObjects: 0.097300 ms)

========================================================================
Received Prepare
Registering precompiled user dll's ...
Registered in 0.000968 seconds.
Begin MonoManager ReloadAssembly
Native extension for WindowsStandalone target not found
Native extension for OSXStandalone target not found
Native extension for WebGL target not found
Refreshing native plugins compatible for Editor in 0.51 ms, found 1 plugins.
Preloading 0 native plugins for Editor in 0.00 ms.
Mono: successfully reloaded assembly
- Completed reload, in  0.831 seconds
Platform modules already initialized, skipping
Refreshing native plugins compatible for Editor in 0.53 ms, found 1 plugins.
Preloading 0 native plugins for Editor in 0.00 ms.
Unloading 2102 Unused Serialized files (Serialized files now loaded: 0)
System memory in use before: 95.9 MB.
System memory in use after: 95.8 MB.

Unloading 12 unused Assets to reduce memory usage. Loaded Objects now: 2563.
Total: 4.573700 ms (FindLiveObjects: 0.402800 ms CreateObjectMapping: 0.187500 ms MarkObjects: 3.826400 ms  DeleteObjects: 0.154300 ms)

========================================================================
Received Prepare
Registering precompiled user dll's ...
Registered in 0.000937 seconds.
Begin MonoManager ReloadAssembly
Native extension for WindowsStandalone target not found
Native extension for OSXStandalone target not found
Native extension for WebGL target not found
Refreshing native plugins compatible for Editor in 0.76 ms, found 1 plugins.
Preloading 0 native plugins for Editor in 0.00 ms.
Mono: successfully reloaded assembly
- Completed reload, in  0.863 seconds
Platform modules already initialized, skipping
Refreshing native plugins compatible for Editor in 0.53 ms, found 1 plugins.
Preloading 0 native plugins for Editor in 0.00 ms.
Unloading 2102 Unused Serialized files (Serialized files now loaded: 0)
System memory in use before: 95.9 MB.
System memory in use after: 95.9 MB.

Unloading 12 unused Assets to reduce memory usage. Loaded Objects now: 2567.
Total: 2.329100 ms (FindLiveObjects: 0.261700 ms CreateObjectMapping: 0.091200 ms MarkObjects: 1.869100 ms  DeleteObjects: 0.106000 ms)

========================================================================
Received Prepare
Registering precompiled user dll's ...
Registered in 0.000932 seconds.
Begin MonoManager ReloadAssembly
Native extension for WindowsStandalone target not found
Native extension for OSXStandalone target not found
Native extension for WebGL target not found
Refreshing native plugins compatible for Editor in 0.41 ms, found 1 plugins.
Preloading 0 native plugins for Editor in 0.00 ms.
Mono: successfully reloaded assembly
- Completed reload, in  0.859 seconds
Platform modules already initialized, skipping
Refreshing native plugins compatible for Editor in 0.34 ms, found 1 plugins.
Preloading 0 native plugins for Editor in 0.00 ms.
Unloading 2102 Unused Serialized files (Serialized files now loaded: 0)
System memory in use before: 95.9 MB.
System memory in use after: 95.9 MB.

Unloading 12 unused Assets to reduce memory usage. Loaded Objects now: 2571.
Total: 2.196200 ms (FindLiveObjects: 0.208300 ms CreateObjectMapping: 0.096700 ms MarkObjects: 1.794400 ms  DeleteObjects: 0.095700 ms)

========================================================================
Received Prepare
Registering precompiled user dll's ...
Registered in 0.000964 seconds.
Begin MonoManager ReloadAssembly
Native extension for WindowsStandalone target not found
Native extension for OSXStandalone target not found
Native extension for WebGL target not found
Refreshing native plugins compatible for Editor in 0.36 ms, found 1 plugins.
Preloading 0 native plugins for Editor in 0.00 ms.
Mono: successfully reloaded assembly
- Completed reload, in  0.850 seconds
Platform modules already initialized, skipping
Refreshing native plugins compatible for Editor in 0.42 ms, found 1 plugins.
Preloading 0 native plugins for Editor in 0.00 ms.
Unloading 2102 Unused Serialized files (Serialized files now loaded: 0)
System memory in use before: 95.9 MB.
System memory in use after: 95.9 MB.

Unloading 12 unused Assets to reduce memory usage. Loaded Objects now: 2575.
Total: 4.854200 ms (FindLiveObjects: 0.508500 ms CreateObjectMapping: 0.246500 ms MarkObjects: 3.895800 ms  DeleteObjects: 0.200600 ms)

========================================================================
Received Prepare
Registering precompiled user dll's ...
Registered in 0.000922 seconds.
Begin MonoManager ReloadAssembly
Native extension for WindowsStandalone target not found
Native extension for OSXStandalone target not found
Native extension for WebGL target not found
Refreshing native plugins compatible for Editor in 0.51 ms, found 1 plugins.
Preloading 0 native plugins for Editor in 0.00 ms.
Mono: successfully reloaded assembly
- Completed reload, in  0.845 seconds
Platform modules already initialized, skipping
Refreshing native plugins compatible for Editor in 0.35 ms, found 1 plugins.
Preloading 0 native plugins for Editor in 0.00 ms.
Unloading 2102 Unused Serialized files (Serialized files now loaded: 0)
System memory in use before: 95.9 MB.
System memory in use after: 95.9 MB.

Unloading 12 unused Assets to reduce memory usage. Loaded Objects now: 2579.
Total: 2.065900 ms (FindLiveObjects: 0.242100 ms CreateObjectMapping: 0.094800 ms MarkObjects: 1.630600 ms  DeleteObjects: 0.097400 ms)

========================================================================
Received Prepare
Registering precompiled user dll's ...
Registered in 0.001533 seconds.
Begin MonoManager ReloadAssembly
Native extension for WindowsStandalone target not found
Native extension for OSXStandalone target not found
Native extension for WebGL target not found
Refreshing native plugins compatible for Editor in 0.36 ms, found 1 plugins.
Preloading 0 native plugins for Editor in 0.00 ms.
Mono: successfully reloaded assembly
- Completed reload, in  0.905 seconds
Platform modules already initialized, skipping
Refreshing native plugins compatible for Editor in 0.38 ms, found 1 plugins.
Preloading 0 native plugins for Editor in 0.00 ms.
Unloading 2102 Unused Serialized files (Serialized files now loaded: 0)
System memory in use before: 95.9 MB.
System memory in use after: 95.9 MB.

Unloading 12 unused Assets to reduce memory usage. Loaded Objects now: 2583.
Total: 2.523500 ms (FindLiveObjects: 0.346700 ms CreateObjectMapping: 0.176100 ms MarkObjects: 1.895900 ms  DeleteObjects: 0.102300 ms)

========================================================================
Received Prepare
Registering precompiled user dll's ...
Registered in 0.000910 seconds.
Begin MonoManager ReloadAssembly
Native extension for WindowsStandalone target not found
Native extension for OSXStandalone target not found
Native extension for WebGL target not found
Refreshing native plugins compatible for Editor in 0.35 ms, found 1 plugins.
Preloading 0 native plugins for Editor in 0.00 ms.
Mono: successfully reloaded assembly
- Completed reload, in  0.860 seconds
Platform modules already initialized, skipping
Refreshing native plugins compatible for Editor in 0.49 ms, found 1 plugins.
Preloading 0 native plugins for Editor in 0.00 ms.
Unloading 2102 Unused Serialized files (Serialized files now loaded: 0)
System memory in use before: 95.9 MB.
System memory in use after: 95.9 MB.

Unloading 12 unused Assets to reduce memory usage. Loaded Objects now: 2587.
Total: 4.873200 ms (FindLiveObjects: 0.458600 ms CreateObjectMapping: 0.322500 ms MarkObjects: 3.890700 ms  DeleteObjects: 0.198300 ms)

========================================================================
Received Prepare
Registering precompiled user dll's ...
Registered in 0.000994 seconds.
Begin MonoManager ReloadAssembly
Native extension for WindowsStandalone target not found
Native extension for OSXStandalone target not found
Native extension for WebGL target not found
Refreshing native plugins compatible for Editor in 0.35 ms, found 1 plugins.
Preloading 0 native plugins for Editor in 0.00 ms.
Mono: successfully reloaded assembly
- Completed reload, in  0.829 seconds
Platform modules already initialized, skipping
Refreshing native plugins compatible for Editor in 0.49 ms, found 1 plugins.
Preloading 0 native plugins for Editor in 0.00 ms.
Unloading 2102 Unused Serialized files (Serialized files now loaded: 0)
System memory in use before: 95.9 MB.
System memory in use after: 95.9 MB.

Unloading 12 unused Assets to reduce memory usage. Loaded Objects now: 2591.
Total: 2.334600 ms (FindLiveObjects: 0.216300 ms CreateObjectMapping: 0.081000 ms MarkObjects: 1.916100 ms  DeleteObjects: 0.119300 ms)

========================================================================
Received Prepare
Registering precompiled user dll's ...
Registered in 0.001017 seconds.
Begin MonoManager ReloadAssembly
Native extension for WindowsStandalone target not found
Native extension for OSXStandalone target not found
Native extension for WebGL target not found
Refreshing native plugins compatible for Editor in 0.38 ms, found 1 plugins.
Preloading 0 native plugins for Editor in 0.00 ms.
Mono: successfully reloaded assembly
- Completed reload, in  0.873 seconds
Platform modules already initialized, skipping
Refreshing native plugins compatible for Editor in 0.35 ms, found 1 plugins.
Preloading 0 native plugins for Editor in 0.00 ms.
Unloading 2102 Unused Serialized files (Serialized files now loaded: 0)
System memory in use before: 96.0 MB.
System memory in use after: 95.9 MB.

Unloading 12 unused Assets to reduce memory usage. Loaded Objects now: 2595.
Total: 2.263200 ms (FindLiveObjects: 0.240000 ms CreateObjectMapping: 0.090700 ms MarkObjects: 1.827900 ms  DeleteObjects: 0.103300 ms)

========================================================================
Received Prepare
Registering precompiled user dll's ...
Registered in 0.000908 seconds.
Begin MonoManager ReloadAssembly
Native extension for WindowsStandalone target not found
Native extension for OSXStandalone target not found
Native extension for WebGL target not found
Refreshing native plugins compatible for Editor in 0.36 ms, found 1 plugins.
Preloading 0 native plugins for Editor in 0.00 ms.
Mono: successfully reloaded assembly
- Completed reload, in  0.840 seconds
Platform modules already initialized, skipping
Refreshing native plugins compatible for Editor in 0.35 ms, found 1 plugins.
Preloading 0 native plugins for Editor in 0.00 ms.
Unloading 2102 Unused Serialized files (Serialized files now loaded: 0)
System memory in use before: 96.0 MB.
System memory in use after: 95.9 MB.

Unloading 12 unused Assets to reduce memory usage. Loaded Objects now: 2599.
Total: 4.058100 ms (FindLiveObjects: 0.378300 ms CreateObjectMapping: 0.198100 ms MarkObjects: 3.316600 ms  DeleteObjects: 0.162900 ms)

========================================================================
Received Import Request.
  Time since last request: 1186.911017 seconds.
  path: ProjectSettings/TagManager.asset
  artifactKey: Guid(00000000000000003000000000000000) Importer(815301076,1909f56bfc062723c751e8b465ee728b)
Start importing ProjectSettings/TagManager.asset using Guid(00000000000000003000000000000000) Importer(815301076,1909f56bfc062723c751e8b465ee728b)  -> (artifact id: '1c037ca2c5e51484f479ce63818a6327') in 0.013666 seconds
  Import took 0.017008 seconds .

========================================================================
Received Import Request.
  Time since last request: 42.111348 seconds.
  path: Assets/physics materials
  artifactKey: Guid(b90d7cba63ca74d4c96407f8359651db) Importer(815301076,1909f56bfc062723c751e8b465ee728b)
Start importing Assets/physics materials using Guid(b90d7cba63ca74d4c96407f8359651db) Importer(815301076,1909f56bfc062723c751e8b465ee728b)  -> (artifact id: '6f3e92029bf583a1cad23a8037d5082b') in 0.002331 seconds
  Import took 0.005296 seconds .

========================================================================
Received Import Request.
  Time since last request: 0.068424 seconds.
  path: Assets/physics materials/Teflon.physicMaterial
  artifactKey: Guid(ade8180af8da78c4d93af100f7fff27c) Importer(815301076,1909f56bfc062723c751e8b465ee728b)
Start importing Assets/physics materials/Teflon.physicMaterial using Guid(ade8180af8da78c4d93af100f7fff27c) Importer(815301076,1909f56bfc062723c751e8b465ee728b)  -> (artifact id: '753e836eba36db851708ac8fa047245d') in 0.002446 seconds
  Import took 0.005573 seconds .

========================================================================
Received Prepare
Registering precompiled user dll's ...
Registered in 0.001012 seconds.
Begin MonoManager ReloadAssembly
Native extension for WindowsStandalone target not found
Native extension for OSXStandalone target not found
Native extension for WebGL target not found
Refreshing native plugins compatible for Editor in 0.35 ms, found 1 plugins.
Preloading 0 native plugins for Editor in 0.00 ms.
Mono: successfully reloaded assembly
- Completed reload, in  0.825 seconds
Platform modules already initialized, skipping
Refreshing native plugins compatible for Editor in 0.34 ms, found 1 plugins.
Preloading 0 native plugins for Editor in 0.00 ms.
Unloading 2102 Unused Serialized files (Serialized files now loaded: 0)
System memory in use before: 96.0 MB.
System memory in use after: 96.0 MB.

Unloading 13 unused Assets to reduce memory usage. Loaded Objects now: 2603.
Total: 3.154100 ms (FindLiveObjects: 0.371200 ms CreateObjectMapping: 0.140900 ms MarkObjects: 2.529500 ms  DeleteObjects: 0.111100 ms)

========================================================================
Received Import Request.
  Time since last request: 40.015527 seconds.
  path: Assets/physics materials/Teflon.physicsMaterial2D
  artifactKey: Guid(19e530781612c304f969a562726f5e4d) Importer(815301076,1909f56bfc062723c751e8b465ee728b)
Start importing Assets/physics materials/Teflon.physicsMaterial2D using Guid(19e530781612c304f969a562726f5e4d) Importer(815301076,1909f56bfc062723c751e8b465ee728b)  -> (artifact id: '52f0c0e307d5a8e072fa783ffc0a5eef') in 0.013895 seconds
  Import took 0.017704 seconds .

========================================================================
Received Import Request.
  Time since last request: 0.004780 seconds.
  path: Assets/physics materials/Teflon.physicsMaterial2D
  artifactKey: Guid(19e530781612c304f969a562726f5e4d) Importer(815301076,1909f56bfc062723c751e8b465ee728b)
Start importing Assets/physics materials/Teflon.physicsMaterial2D using Guid(19e530781612c304f969a562726f5e4d) Importer(815301076,1909f56bfc062723c751e8b465ee728b)  -> (artifact id: '52f0c0e307d5a8e072fa783ffc0a5eef') in 0.003372 seconds
  Import took 0.006794 seconds .

========================================================================
Received Prepare
Registering precompiled user dll's ...
Registered in 0.001040 seconds.
Begin MonoManager ReloadAssembly
Native extension for WindowsStandalone target not found
Native extension for OSXStandalone target not found
Native extension for WebGL target not found
Refreshing native plugins compatible for Editor in 0.35 ms, found 1 plugins.
Preloading 0 native plugins for Editor in 0.00 ms.
Mono: successfully reloaded assembly
- Completed reload, in  0.833 seconds
Platform modules already initialized, skipping
Refreshing native plugins compatible for Editor in 0.35 ms, found 1 plugins.
Preloading 0 native plugins for Editor in 0.00 ms.
Unloading 2102 Unused Serialized files (Serialized files now loaded: 0)
System memory in use before: 96.0 MB.
System memory in use after: 96.0 MB.

Unloading 12 unused Assets to reduce memory usage. Loaded Objects now: 2607.
Total: 2.137500 ms (FindLiveObjects: 0.183100 ms CreateObjectMapping: 0.076200 ms MarkObjects: 1.781600 ms  DeleteObjects: 0.095600 ms)

